Linked: (/home/nicola/catkin_ws/devel/.private/intro_tutorial/include/intro_tutorial/msg1.h, /home/nicola/catkin_ws/devel/include/intro_tutorial/msg1.h)
Linked: (/home/nicola/catkin_ws/devel/.private/intro_tutorial/include/intro_tutorial/srv1.h, /home/nicola/catkin_ws/devel/include/intro_tutorial/srv1.h)
Linked: (/home/nicola/catkin_ws/devel/.private/intro_tutorial/include/intro_tutorial/srv1Response.h, /home/nicola/catkin_ws/devel/include/intro_tutorial/srv1Response.h)
Linked: (/home/nicola/catkin_ws/devel/.private/intro_tutorial/include/intro_tutorial/srv1Request.h, /home/nicola/catkin_ws/devel/include/intro_tutorial/srv1Request.h)
Linked: (/home/nicola/catkin_ws/devel/.private/intro_tutorial/lib/pkgconfig/intro_tutorial.pc, /home/nicola/catkin_ws/devel/lib/pkgconfig/intro_tutorial.pc)
Linked: (/home/nicola/catkin_ws/devel/.private/intro_tutorial/lib/python3/dist-packages/intro_tutorial/__init__.py, /home/nicola/catkin_ws/devel/lib/python3/dist-packages/intro_tutorial/__init__.py)
Linked: (/home/nicola/catkin_ws/devel/.private/intro_tutorial/lib/python3/dist-packages/intro_tutorial/msg/__init__.py, /home/nicola/catkin_ws/devel/lib/python3/dist-packages/intro_tutorial/msg/__init__.py)
Linked: (/home/nicola/catkin_ws/devel/.private/intro_tutorial/lib/python3/dist-packages/intro_tutorial/msg/_msg1.py, /home/nicola/catkin_ws/devel/lib/python3/dist-packages/intro_tutorial/msg/_msg1.py)
Linked: (/home/nicola/catkin_ws/devel/.private/intro_tutorial/lib/python3/dist-packages/intro_tutorial/srv/_srv1.py, /home/nicola/catkin_ws/devel/lib/python3/dist-packages/intro_tutorial/srv/_srv1.py)
Linked: (/home/nicola/catkin_ws/devel/.private/intro_tutorial/lib/python3/dist-packages/intro_tutorial/srv/__init__.py, /home/nicola/catkin_ws/devel/lib/python3/dist-packages/intro_tutorial/srv/__init__.py)
Linked: (/home/nicola/catkin_ws/devel/.private/intro_tutorial/lib/intro_tutorial/example1_b, /home/nicola/catkin_ws/devel/lib/intro_tutorial/example1_b)
Linked: (/home/nicola/catkin_ws/devel/.private/intro_tutorial/lib/intro_tutorial/example2_a, /home/nicola/catkin_ws/devel/lib/intro_tutorial/example2_a)
Linked: (/home/nicola/catkin_ws/devel/.private/intro_tutorial/lib/intro_tutorial/example2_b, /home/nicola/catkin_ws/devel/lib/intro_tutorial/example2_b)
Linked: (/home/nicola/catkin_ws/devel/.private/intro_tutorial/lib/intro_tutorial/example3_a, /home/nicola/catkin_ws/devel/lib/intro_tutorial/example3_a)
Linked: (/home/nicola/catkin_ws/devel/.private/intro_tutorial/lib/intro_tutorial/example3_b, /home/nicola/catkin_ws/devel/lib/intro_tutorial/example3_b)
Linked: (/home/nicola/catkin_ws/devel/.private/intro_tutorial/lib/intro_tutorial/example1_a, /home/nicola/catkin_ws/devel/lib/intro_tutorial/example1_a)
Linked: (/home/nicola/catkin_ws/devel/.private/intro_tutorial/share/common-lisp/ros/intro_tutorial/msg/_package.lisp, /home/nicola/catkin_ws/devel/share/common-lisp/ros/intro_tutorial/msg/_package.lisp)
Linked: (/home/nicola/catkin_ws/devel/.private/intro_tutorial/share/common-lisp/ros/intro_tutorial/msg/_package_msg1.lisp, /home/nicola/catkin_ws/devel/share/common-lisp/ros/intro_tutorial/msg/_package_msg1.lisp)
Linked: (/home/nicola/catkin_ws/devel/.private/intro_tutorial/share/common-lisp/ros/intro_tutorial/msg/msg1.lisp, /home/nicola/catkin_ws/devel/share/common-lisp/ros/intro_tutorial/msg/msg1.lisp)
Linked: (/home/nicola/catkin_ws/devel/.private/intro_tutorial/share/common-lisp/ros/intro_tutorial/msg/intro_tutorial-msg.asd, /home/nicola/catkin_ws/devel/share/common-lisp/ros/intro_tutorial/msg/intro_tutorial-msg.asd)
Linked: (/home/nicola/catkin_ws/devel/.private/intro_tutorial/share/common-lisp/ros/intro_tutorial/srv/_package.lisp, /home/nicola/catkin_ws/devel/share/common-lisp/ros/intro_tutorial/srv/_package.lisp)
Linked: (/home/nicola/catkin_ws/devel/.private/intro_tutorial/share/common-lisp/ros/intro_tutorial/srv/srv1.lisp, /home/nicola/catkin_ws/devel/share/common-lisp/ros/intro_tutorial/srv/srv1.lisp)
Linked: (/home/nicola/catkin_ws/devel/.private/intro_tutorial/share/common-lisp/ros/intro_tutorial/srv/_package_srv1.lisp, /home/nicola/catkin_ws/devel/share/common-lisp/ros/intro_tutorial/srv/_package_srv1.lisp)
Linked: (/home/nicola/catkin_ws/devel/.private/intro_tutorial/share/common-lisp/ros/intro_tutorial/srv/intro_tutorial-srv.asd, /home/nicola/catkin_ws/devel/share/common-lisp/ros/intro_tutorial/srv/intro_tutorial-srv.asd)
Linked: (/home/nicola/catkin_ws/devel/.private/intro_tutorial/share/gennodejs/ros/intro_tutorial/_index.js, /home/nicola/catkin_ws/devel/share/gennodejs/ros/intro_tutorial/_index.js)
Linked: (/home/nicola/catkin_ws/devel/.private/intro_tutorial/share/gennodejs/ros/intro_tutorial/msg/msg1.js, /home/nicola/catkin_ws/devel/share/gennodejs/ros/intro_tutorial/msg/msg1.js)
Linked: (/home/nicola/catkin_ws/devel/.private/intro_tutorial/share/gennodejs/ros/intro_tutorial/msg/_index.js, /home/nicola/catkin_ws/devel/share/gennodejs/ros/intro_tutorial/msg/_index.js)
Linked: (/home/nicola/catkin_ws/devel/.private/intro_tutorial/share/gennodejs/ros/intro_tutorial/srv/srv1.js, /home/nicola/catkin_ws/devel/share/gennodejs/ros/intro_tutorial/srv/srv1.js)
Linked: (/home/nicola/catkin_ws/devel/.private/intro_tutorial/share/gennodejs/ros/intro_tutorial/srv/_index.js, /home/nicola/catkin_ws/devel/share/gennodejs/ros/intro_tutorial/srv/_index.js)
Linked: (/home/nicola/catkin_ws/devel/.private/intro_tutorial/share/roseus/ros/intro_tutorial/manifest.l, /home/nicola/catkin_ws/devel/share/roseus/ros/intro_tutorial/manifest.l)
Linked: (/home/nicola/catkin_ws/devel/.private/intro_tutorial/share/roseus/ros/intro_tutorial/msg/msg1.l, /home/nicola/catkin_ws/devel/share/roseus/ros/intro_tutorial/msg/msg1.l)
Linked: (/home/nicola/catkin_ws/devel/.private/intro_tutorial/share/roseus/ros/intro_tutorial/srv/srv1.l, /home/nicola/catkin_ws/devel/share/roseus/ros/intro_tutorial/srv/srv1.l)
Linked: (/home/nicola/catkin_ws/devel/.private/intro_tutorial/share/intro_tutorial/cmake/intro_tutorialConfig-version.cmake, /home/nicola/catkin_ws/devel/share/intro_tutorial/cmake/intro_tutorialConfig-version.cmake)
Linked: (/home/nicola/catkin_ws/devel/.private/intro_tutorial/share/intro_tutorial/cmake/intro_tutorialConfig.cmake, /home/nicola/catkin_ws/devel/share/intro_tutorial/cmake/intro_tutorialConfig.cmake)
Linked: (/home/nicola/catkin_ws/devel/.private/intro_tutorial/share/intro_tutorial/cmake/intro_tutorial-msg-paths.cmake, /home/nicola/catkin_ws/devel/share/intro_tutorial/cmake/intro_tutorial-msg-paths.cmake)
Linked: (/home/nicola/catkin_ws/devel/.private/intro_tutorial/share/intro_tutorial/cmake/intro_tutorial-msg-extras.cmake, /home/nicola/catkin_ws/devel/share/intro_tutorial/cmake/intro_tutorial-msg-extras.cmake)
