Symlinking /home/nicola/catkin_ws/devel/include/intro_tutorial/msg1.h
Symlinking /home/nicola/catkin_ws/devel/include/intro_tutorial/srv1.h
Symlinking /home/nicola/catkin_ws/devel/include/intro_tutorial/srv1Response.h
Symlinking /home/nicola/catkin_ws/devel/include/intro_tutorial/srv1Request.h
Symlinking /home/nicola/catkin_ws/devel/lib/pkgconfig/intro_tutorial.pc
Symlinking /home/nicola/catkin_ws/devel/lib/python3/dist-packages/intro_tutorial/__init__.py
Symlinking /home/nicola/catkin_ws/devel/lib/python3/dist-packages/intro_tutorial/msg/__init__.py
Symlinking /home/nicola/catkin_ws/devel/lib/python3/dist-packages/intro_tutorial/msg/_msg1.py
Symlinking /home/nicola/catkin_ws/devel/lib/python3/dist-packages/intro_tutorial/srv/_srv1.py
Symlinking /home/nicola/catkin_ws/devel/lib/python3/dist-packages/intro_tutorial/srv/__init__.py
Symlinking /home/nicola/catkin_ws/devel/lib/intro_tutorial/example1_b
Symlinking /home/nicola/catkin_ws/devel/lib/intro_tutorial/example2_a
Symlinking /home/nicola/catkin_ws/devel/lib/intro_tutorial/example2_b
Symlinking /home/nicola/catkin_ws/devel/lib/intro_tutorial/example3_a
Symlinking /home/nicola/catkin_ws/devel/lib/intro_tutorial/example3_b
Symlinking /home/nicola/catkin_ws/devel/lib/intro_tutorial/example1_a
Symlinking /home/nicola/catkin_ws/devel/share/common-lisp/ros/intro_tutorial/msg/_package.lisp
Symlinking /home/nicola/catkin_ws/devel/share/common-lisp/ros/intro_tutorial/msg/_package_msg1.lisp
Symlinking /home/nicola/catkin_ws/devel/share/common-lisp/ros/intro_tutorial/msg/msg1.lisp
Symlinking /home/nicola/catkin_ws/devel/share/common-lisp/ros/intro_tutorial/msg/intro_tutorial-msg.asd
Symlinking /home/nicola/catkin_ws/devel/share/common-lisp/ros/intro_tutorial/srv/_package.lisp
Symlinking /home/nicola/catkin_ws/devel/share/common-lisp/ros/intro_tutorial/srv/srv1.lisp
Symlinking /home/nicola/catkin_ws/devel/share/common-lisp/ros/intro_tutorial/srv/_package_srv1.lisp
Symlinking /home/nicola/catkin_ws/devel/share/common-lisp/ros/intro_tutorial/srv/intro_tutorial-srv.asd
Symlinking /home/nicola/catkin_ws/devel/share/gennodejs/ros/intro_tutorial/_index.js
Symlinking /home/nicola/catkin_ws/devel/share/gennodejs/ros/intro_tutorial/msg/msg1.js
Symlinking /home/nicola/catkin_ws/devel/share/gennodejs/ros/intro_tutorial/msg/_index.js
Symlinking /home/nicola/catkin_ws/devel/share/gennodejs/ros/intro_tutorial/srv/srv1.js
Symlinking /home/nicola/catkin_ws/devel/share/gennodejs/ros/intro_tutorial/srv/_index.js
Symlinking /home/nicola/catkin_ws/devel/share/roseus/ros/intro_tutorial/manifest.l
Symlinking /home/nicola/catkin_ws/devel/share/roseus/ros/intro_tutorial/msg/msg1.l
Symlinking /home/nicola/catkin_ws/devel/share/roseus/ros/intro_tutorial/srv/srv1.l
Symlinking /home/nicola/catkin_ws/devel/share/intro_tutorial/cmake/intro_tutorialConfig-version.cmake
Symlinking /home/nicola/catkin_ws/devel/share/intro_tutorial/cmake/intro_tutorialConfig.cmake
Symlinking /home/nicola/catkin_ws/devel/share/intro_tutorial/cmake/intro_tutorial-msg-paths.cmake
Symlinking /home/nicola/catkin_ws/devel/share/intro_tutorial/cmake/intro_tutorial-msg-extras.cmake
