[35m[1mScanning dependencies of target std_msgs_generate_messages_cpp[0m
[35m[1mScanning dependencies of target _intro_tutorial_generate_messages_check_deps_msg1[0m
[35m[1mScanning dependencies of target std_msgs_generate_messages_lisp[0m
[35m[1mScanning dependencies of target _intro_tutorial_generate_messages_check_deps_srv1[0m
[  0%] Built target std_msgs_generate_messages_cpp
[  0%] Built target std_msgs_generate_messages_lisp
[35m[1mScanning dependencies of target std_msgs_generate_messages_nodejs[0m
[35m[1mScanning dependencies of target std_msgs_generate_messages_py[0m
[  0%] Built target _intro_tutorial_generate_messages_check_deps_msg1
[  0%] Built target std_msgs_generate_messages_nodejs
[  0%] Built target _intro_tutorial_generate_messages_check_deps_srv1
[  0%] Built target std_msgs_generate_messages_py
[35m[1mScanning dependencies of target std_msgs_generate_messages_eus[0m
[35m[1mScanning dependencies of target intro_tutorial_generate_messages_nodejs[0m
[35m[1mScanning dependencies of target intro_tutorial_generate_messages_cpp[0m
[35m[1mScanning dependencies of target intro_tutorial_generate_messages_lisp[0m
[  0%] Built target std_msgs_generate_messages_eus
[  4%] [34m[1mGenerating Javascript code from intro_tutorial/msg1.msg[0m
[  8%] [34m[1mGenerating C++ code from intro_tutorial/msg1.msg[0m
[ 12%] [34m[1mGenerating Lisp code from intro_tutorial/msg1.msg[0m
[35m[1mScanning dependencies of target intro_tutorial_generate_messages_py[0m
[ 16%] [34m[1mGenerating C++ code from intro_tutorial/srv1.srv[0m
[ 20%] [34m[1mGenerating Python from MSG intro_tutorial/msg1[0m
[ 24%] [34m[1mGenerating Lisp code from intro_tutorial/srv1.srv[0m
[ 28%] [34m[1mGenerating Javascript code from intro_tutorial/srv1.srv[0m
[35m[1mScanning dependencies of target intro_tutorial_generate_messages_eus[0m
[ 28%] Built target intro_tutorial_generate_messages_nodejs
[ 32%] [34m[1mGenerating EusLisp code from intro_tutorial/msg1.msg[0m
[ 36%] [34m[1mGenerating EusLisp manifest code for intro_tutorial[0m
[ 40%] [34m[1mGenerating EusLisp code from intro_tutorial/srv1.srv[0m
[ 40%] Built target intro_tutorial_generate_messages_lisp
[ 44%] [34m[1mGenerating Python code from SRV intro_tutorial/srv1[0m
[ 44%] Built target intro_tutorial_generate_messages_cpp
[35m[1mScanning dependencies of target example2_a[0m
[35m[1mScanning dependencies of target example1_a[0m
[35m[1mScanning dependencies of target example3_a[0m
[35m[1mScanning dependencies of target example2_b[0m
[ 48%] [32mBuilding CXX object CMakeFiles/example1_a.dir/src/example1_a.cpp.o[0m
[ 52%] [32mBuilding CXX object CMakeFiles/example2_a.dir/src/example2_a.cpp.o[0m
[ 56%] [32mBuilding CXX object CMakeFiles/example2_b.dir/src/example2_b.cpp.o[0m
[ 60%] [34m[1mGenerating Python msg __init__.py for intro_tutorial[0m
[ 64%] [32mBuilding CXX object CMakeFiles/example3_a.dir/src/example3_a.cpp.o[0m
[ 68%] [34m[1mGenerating Python srv __init__.py for intro_tutorial[0m
[ 68%] Built target intro_tutorial_generate_messages_eus
[35m[1mScanning dependencies of target example1_b[0m
[ 72%] [32mBuilding CXX object CMakeFiles/example1_b.dir/src/example1_b.cpp.o[0m
[ 72%] Built target intro_tutorial_generate_messages_py
[35m[1mScanning dependencies of target example3_b[0m
[ 76%] [32mBuilding CXX object CMakeFiles/example3_b.dir/src/example3_b.cpp.o[0m
In file included from [01m[K/opt/ros/noetic/include/ros/ros.h:40[m[K,
                 from [01m[K/home/nicola/catkin_ws/src/intro_tutorial/src/example3_a.cpp:1[m[K:
[01m[K/home/nicola/catkin_ws/src/intro_tutorial/src/example3_a.cpp:[m[K In function ‘[01m[Kbool add(intro_tutorial::srv1::Request&, intro_tutorial::srv1::Response&)[m[K’:
[01m[K/home/nicola/catkin_ws/src/intro_tutorial/src/example3_a.cpp:10:14:[m[K [01;35m[Kwarning: [m[Kformat ‘[01m[K%ld[m[K’ expects argument of type ‘[01m[Klong int[m[K’, but argument 8 has type ‘[01m[Kintro_tutorial::srv1Response_<std::allocator<void> >::_sum_type[m[K’ {aka ‘[01m[Kint[m[K’} [[01;35m[K-Wformat=[m[K]
   10 |     ROS_INFO([01;35m[K"sending back response: [%ld]"[m[K,
      |              [01;35m[K^~~~~~~~~~~~~~~~~~~~~~~~~~~~~~[m[K
   11 |              [32m[K(int)res.sum[m[K);
      |              [32m[K~~~~~~~~~~~~[m[K
      |              [32m[K|[m[K
      |              [32m[Kintro_tutorial::srv1Response_<std::allocator<void> >::_sum_type {aka int}[m[K
[01m[K/opt/ros/noetic/include/ros/console.h:351:165:[m[K [01;36m[Knote: [m[Kin definition of macro ‘[01m[KROSCONSOLE_PRINT_AT_LOCATION_WITH_FILTER[m[K’
  351 |     ::ros::console::print(filter, __rosconsole_define_location__loc.logger_, __rosconsole_define_location__loc.level_, __FILE__, __LINE__, __ROSCONSOLE_FUNCTION__, [01;36m[K__VA_ARGS__[m[K)
      |                                                                                                                                                                     [01;36m[K^~~~~~~~~~~[m[K
[01m[K/opt/ros/noetic/include/ros/console.h:390:7:[m[K [01;36m[Knote: [m[Kin expansion of macro ‘[01m[KROSCONSOLE_PRINT_AT_LOCATION[m[K’
  390 |       [01;36m[KROSCONSOLE_PRINT_AT_LOCATION[m[K(__VA_ARGS__); \
      |       [01;36m[K^~~~~~~~~~~~~~~~~~~~~~~~~~~~[m[K
[01m[K/opt/ros/noetic/include/ros/console.h:575:35:[m[K [01;36m[Knote: [m[Kin expansion of macro ‘[01m[KROS_LOG_COND[m[K’
  575 | #define ROS_LOG(level, name, ...) [01;36m[KROS_LOG_COND[m[K(true, level, name, __VA_ARGS__)
      |                                   [01;36m[K^~~~~~~~~~~~[m[K
[01m[K/opt/ros/noetic/include/rosconsole/macros_generated.h:110:23:[m[K [01;36m[Knote: [m[Kin expansion of macro ‘[01m[KROS_LOG[m[K’
  110 | #define ROS_INFO(...) [01;36m[KROS_LOG[m[K(::ros::console::levels::Info, ROSCONSOLE_DEFAULT_NAME, __VA_ARGS__)
      |                       [01;36m[K^~~~~~~[m[K
[01m[K/home/nicola/catkin_ws/src/intro_tutorial/src/example3_a.cpp:10:5:[m[K [01;36m[Knote: [m[Kin expansion of macro ‘[01m[KROS_INFO[m[K’
   10 |     [01;36m[KROS_INFO[m[K("sending back response: [%ld]",
      |     [01;36m[K^~~~~~~~[m[K
[01m[K/home/nicola/catkin_ws/src/intro_tutorial/src/example3_a.cpp:10:41:[m[K [01;36m[Knote: [m[Kformat string is defined here
   10 |     ROS_INFO("sending back response: [[01;36m[K%ld[m[K]",
      |                                       [01;36m[K~~^[m[K
      |                                         [01;36m[K|[m[K
      |                                         [01;36m[Klong int[m[K
      |                                       [32m[K%d[m[K
[35m[1mScanning dependencies of target intro_tutorial_generate_messages[0m
[ 76%] Built target intro_tutorial_generate_messages
[ 80%] [32m[1mLinking CXX executable /home/nicola/catkin_ws/devel/.private/intro_tutorial/lib/intro_tutorial/example2_a[0m
[ 84%] [32m[1mLinking CXX executable /home/nicola/catkin_ws/devel/.private/intro_tutorial/lib/intro_tutorial/example1_a[0m
[ 88%] [32m[1mLinking CXX executable /home/nicola/catkin_ws/devel/.private/intro_tutorial/lib/intro_tutorial/example3_a[0m
[ 88%] Built target example1_a
[ 88%] Built target example2_a
[ 92%] [32m[1mLinking CXX executable /home/nicola/catkin_ws/devel/.private/intro_tutorial/lib/intro_tutorial/example2_b[0m
[ 92%] Built target example2_b
[ 92%] Built target example3_a
[ 96%] [32m[1mLinking CXX executable /home/nicola/catkin_ws/devel/.private/intro_tutorial/lib/intro_tutorial/example3_b[0m
[100%] [32m[1mLinking CXX executable /home/nicola/catkin_ws/devel/.private/intro_tutorial/lib/intro_tutorial/example1_b[0m
[100%] Built target example3_b
[100%] Built target example1_b
