Symlinking /home/nicola/catkin_ws/devel/include/exercise_1/robotMsg.h
Symlinking /home/nicola/catkin_ws/devel/lib/exercise_1/station
Symlinking /home/nicola/catkin_ws/devel/lib/exercise_1/robot
Symlinking /home/nicola/catkin_ws/devel/lib/pkgconfig/exercise_1.pc
Symlinking /home/nicola/catkin_ws/devel/lib/python3/dist-packages/exercise_1/__init__.py
Symlinking /home/nicola/catkin_ws/devel/lib/python3/dist-packages/exercise_1/msg/__init__.py
Symlinking /home/nicola/catkin_ws/devel/lib/python3/dist-packages/exercise_1/msg/_robotMsg.py
Symlinking /home/nicola/catkin_ws/devel/share/exercise_1/cmake/exercise_1-msg-paths.cmake
Symlinking /home/nicola/catkin_ws/devel/share/exercise_1/cmake/exercise_1Config.cmake
Symlinking /home/nicola/catkin_ws/devel/share/exercise_1/cmake/exercise_1-msg-extras.cmake
Symlinking /home/nicola/catkin_ws/devel/share/exercise_1/cmake/exercise_1Config-version.cmake
Symlinking /home/nicola/catkin_ws/devel/share/common-lisp/ros/exercise_1/msg/_package.lisp
Symlinking /home/nicola/catkin_ws/devel/share/common-lisp/ros/exercise_1/msg/exercise_1-msg.asd
Symlinking /home/nicola/catkin_ws/devel/share/common-lisp/ros/exercise_1/msg/_package_robotMsg.lisp
Symlinking /home/nicola/catkin_ws/devel/share/common-lisp/ros/exercise_1/msg/robotMsg.lisp
Symlinking /home/nicola/catkin_ws/devel/share/gennodejs/ros/exercise_1/_index.js
Symlinking /home/nicola/catkin_ws/devel/share/gennodejs/ros/exercise_1/msg/_index.js
Symlinking /home/nicola/catkin_ws/devel/share/gennodejs/ros/exercise_1/msg/robotMsg.js
Symlinking /home/nicola/catkin_ws/devel/share/roseus/ros/exercise_1/manifest.l
Symlinking /home/nicola/catkin_ws/devel/share/roseus/ros/exercise_1/msg/robotMsg.l
