[35m[1mScanning dependencies of target std_msgs_generate_messages_cpp[0m
[35m[1mScanning dependencies of target _exercise_1_generate_messages_check_deps_robotMsg[0m
[35m[1mScanning dependencies of target std_msgs_generate_messages_nodejs[0m
[35m[1mScanning dependencies of target std_msgs_generate_messages_lisp[0m
[35m[1mScanning dependencies of target std_msgs_generate_messages_eus[0m
[35m[1mScanning dependencies of target std_msgs_generate_messages_py[0m
[  0%] Built target std_msgs_generate_messages_cpp
[  0%] Built target std_msgs_generate_messages_lisp
[  0%] Built target std_msgs_generate_messages_eus
[  0%] Built target std_msgs_generate_messages_nodejs
[  0%] Built target std_msgs_generate_messages_py
[  0%] Built target _exercise_1_generate_messages_check_deps_robotMsg
[35m[1mScanning dependencies of target exercise_1_generate_messages_nodejs[0m
[35m[1mScanning dependencies of target exercise_1_generate_messages_py[0m
[35m[1mScanning dependencies of target exercise_1_generate_messages_cpp[0m
[35m[1mScanning dependencies of target exercise_1_generate_messages_lisp[0m
[35m[1mScanning dependencies of target exercise_1_generate_messages_eus[0m
[  9%] [34m[1mGenerating Javascript code from exercise_1/robotMsg.msg[0m
[ 18%] [34m[1mGenerating Python from MSG exercise_1/robotMsg[0m
[ 54%] [34m[1mGenerating EusLisp manifest code for exercise_1[0m
[ 54%] [34m[1mGenerating Lisp code from exercise_1/robotMsg.msg[0m
[ 54%] [34m[1mGenerating EusLisp code from exercise_1/robotMsg.msg[0m
[ 54%] [34m[1mGenerating C++ code from exercise_1/robotMsg.msg[0m
[ 54%] Built target exercise_1_generate_messages_nodejs
[ 54%] Built target exercise_1_generate_messages_lisp
[ 54%] Built target exercise_1_generate_messages_cpp
[35m[1mScanning dependencies of target robot[0m
[35m[1mScanning dependencies of target station[0m
[ 63%] [32mBuilding CXX object CMakeFiles/robot.dir/src/robot.cpp.o[0m
[ 72%] [32mBuilding CXX object CMakeFiles/station.dir/src/station.cpp.o[0m
[ 81%] [34m[1mGenerating Python msg __init__.py for exercise_1[0m
[ 81%] Built target exercise_1_generate_messages_py
[ 81%] Built target exercise_1_generate_messages_eus
[35m[1mScanning dependencies of target exercise_1_generate_messages[0m
[ 81%] Built target exercise_1_generate_messages
[ 90%] [32m[1mLinking CXX executable /home/nicola/catkin_ws/devel/.private/exercise_1/lib/exercise_1/robot[0m
[ 90%] Built target robot
[100%] [32m[1mLinking CXX executable /home/nicola/catkin_ws/devel/.private/exercise_1/lib/exercise_1/station[0m
[100%] Built target station
