Symlinking /home/nicola/catkin_ws/devel/include/exercise_2/robotStateSrvResponse.h
Symlinking /home/nicola/catkin_ws/devel/include/exercise_2/robotStateSrv.h
Symlinking /home/nicola/catkin_ws/devel/include/exercise_2/robotStateSrvRequest.h
Symlinking /home/nicola/catkin_ws/devel/lib/pkgconfig/exercise_2.pc
Symlinking /home/nicola/catkin_ws/devel/lib/python3/dist-packages/exercise_2/__init__.py
Symlinking /home/nicola/catkin_ws/devel/lib/python3/dist-packages/exercise_2/srv/_robotStateSrv.py
Symlinking /home/nicola/catkin_ws/devel/lib/python3/dist-packages/exercise_2/srv/__init__.py
Symlinking /home/nicola/catkin_ws/devel/lib/exercise_2/station
Symlinking /home/nicola/catkin_ws/devel/lib/exercise_2/robot
Symlinking /home/nicola/catkin_ws/devel/share/common-lisp/ros/exercise_2/srv/exercise_2-srv.asd
Symlinking /home/nicola/catkin_ws/devel/share/common-lisp/ros/exercise_2/srv/_package.lisp
Symlinking /home/nicola/catkin_ws/devel/share/common-lisp/ros/exercise_2/srv/robotStateSrv.lisp
Symlinking /home/nicola/catkin_ws/devel/share/common-lisp/ros/exercise_2/srv/_package_robotStateSrv.lisp
Symlinking /home/nicola/catkin_ws/devel/share/gennodejs/ros/exercise_2/_index.js
Symlinking /home/nicola/catkin_ws/devel/share/gennodejs/ros/exercise_2/srv/robotStateSrv.js
Symlinking /home/nicola/catkin_ws/devel/share/gennodejs/ros/exercise_2/srv/_index.js
Symlinking /home/nicola/catkin_ws/devel/share/roseus/ros/exercise_2/manifest.l
Symlinking /home/nicola/catkin_ws/devel/share/roseus/ros/exercise_2/srv/robotStateSrv.l
Symlinking /home/nicola/catkin_ws/devel/share/exercise_2/cmake/exercise_2-msg-paths.cmake
Symlinking /home/nicola/catkin_ws/devel/share/exercise_2/cmake/exercise_2Config-version.cmake
Symlinking /home/nicola/catkin_ws/devel/share/exercise_2/cmake/exercise_2Config.cmake
Symlinking /home/nicola/catkin_ws/devel/share/exercise_2/cmake/exercise_2-msg-extras.cmake
